[2019-11-15 17:23:48] local.ERROR: There are no commands defined in the "migration" namespace.

Did you mean this?
    migrate {"exception":"[object] (Symfony\\Component\\Console\\Exception\\NamespaceNotFoundException(code: 0): There are no commands defined in the \"migration\" namespace.

Did you mean this?
    migrate at /home/sergej/code/laravel-tuts/laravel-practices/video_site/vendor/symfony/console/Application.php:592)
[stacktrace]
#0 /home/sergej/code/laravel-tuts/laravel-practices/video_site/vendor/symfony/console/Application.php(641): Symfony\\Component\\Console\\Application->findNamespace('migration')
#1 /home/sergej/code/laravel-tuts/laravel-practices/video_site/vendor/symfony/console/Application.php(237): Symfony\\Component\\Console\\Application->find('migration:fresh')
#2 /home/sergej/code/laravel-tuts/laravel-practices/video_site/vendor/symfony/console/Application.php(149): Symfony\\Component\\Console\\Application->doRun(Object(Symfony\\Component\\Console\\Input\\ArgvInput), Object(Symfony\\Component\\Console\\Output\\ConsoleOutput))
#3 /home/sergej/code/laravel-tuts/laravel-practices/video_site/vendor/laravel/framework/src/Illuminate/Console/Application.php(90): Symfony\\Component\\Console\\Application->run(Object(Symfony\\Component\\Console\\Input\\ArgvInput), Object(Symfony\\Component\\Console\\Output\\ConsoleOutput))
#4 /home/sergej/code/laravel-tuts/laravel-practices/video_site/vendor/laravel/framework/src/Illuminate/Foundation/Console/Kernel.php(131): Illuminate\\Console\\Application->run(Object(Symfony\\Component\\Console\\Input\\ArgvInput), Object(Symfony\\Component\\Console\\Output\\ConsoleOutput))
#5 /home/sergej/code/laravel-tuts/laravel-practices/video_site/artisan(37): Illuminate\\Foundation\\Console\\Kernel->handle(Object(Symfony\\Component\\Console\\Input\\ArgvInput), Object(Symfony\\Component\\Console\\Output\\ConsoleOutput))
#6 {main}
"} 
[2019-11-15 17:29:12] local.ERROR: Target class [App\Http\ViewComposers] does not exist. (View: /home/sergej/code/laravel-tuts/laravel-practices/video_site/resources/views/layouts/app.blade.php) {"userId":1,"exception":"[object] (Facade\\Ignition\\Exceptions\\ViewException(code: 0): Target class [App\\Http\\ViewComposers] does not exist. (View: /home/sergej/code/laravel-tuts/laravel-practices/video_site/resources/views/layouts/app.blade.php) at /home/sergej/code/laravel-tuts/laravel-practices/video_site/vendor/laravel/framework/src/Illuminate/Container/Container.php:805)
[stacktrace]
#0 /home/sergej/code/laravel-tuts/laravel-practices/video_site/vendor/laravel/framework/src/Illuminate/Container/Container.php(681): Illuminate\\Container\\Container->build('App\\\\Http\\\\ViewCo...')
#1 /home/sergej/code/laravel-tuts/laravel-practices/video_site/vendor/laravel/framework/src/Illuminate/Container/Container.php(629): Illuminate\\Container\\Container->resolve('App\\\\Http\\\\ViewCo...', Array)
#2 /home/sergej/code/laravel-tuts/laravel-practices/video_site/vendor/laravel/framework/src/Illuminate/Foundation/Application.php(768): Illuminate\\Container\\Container->make('App\\\\Http\\\\ViewCo...', Array)
#3 /home/sergej/code/laravel-tuts/laravel-practices/video_site/vendor/laravel/framework/src/Illuminate/View/Concerns/ManagesEvents.php(125): Illuminate\\Foundation\\Application->make('App\\\\Http\\\\ViewCo...')
#4 /home/sergej/code/laravel-tuts/laravel-practices/video_site/vendor/laravel/framework/src/Illuminate/Events/Dispatcher.php(347): Illuminate\\View\\Factory->Illuminate\\View\\Concerns\\{closure}(Object(Illuminate\\View\\View))
#5 /home/sergej/code/laravel-tuts/laravel-practices/video_site/vendor/laravel/framework/src/Illuminate/Events/Dispatcher.php(196): Illuminate\\Events\\Dispatcher->Illuminate\\Events\\{closure}('composing: layo...', Array)
#6 /home/sergej/code/laravel-tuts/laravel-practices/video_site/vendor/laravel/framework/src/Illuminate/View/Concerns/ManagesEvents.php(179): Illuminate\\Events\\Dispatcher->dispatch('composing: layo...', Array)
#7 /home/sergej/code/laravel-tuts/laravel-practices/video_site/vendor/laravel/framework/src/Illuminate/View/View.php(124): Illuminate\\View\\Factory->callComposer(Object(Illuminate\\View\\View))
#8 /home/sergej/code/laravel-tuts/laravel-practices/video_site/vendor/laravel/framework/src/Illuminate/View/View.php(91): Illuminate\\View\\View->renderContents()
#9 /home/sergej/code/laravel-tuts/laravel-practices/video_site/resources/views/layouts/app.blade.php(25): Illuminate\\View\\View->render()
#10 /home/sergej/code/laravel-tuts/laravel-practices/video_site/vendor/laravel/framework/src/Illuminate/View/Engines/PhpEngine.php(43): include('/home/sergej/co...')
#11 /home/sergej/code/laravel-tuts/laravel-practices/video_site/vendor/laravel/framework/src/Illuminate/View/Engines/CompilerEngine.php(59): Illuminate\\View\\Engines\\PhpEngine->evaluatePath('/home/sergej/co...', Array)
#12 /home/sergej/code/laravel-tuts/laravel-practices/video_site/vendor/facade/ignition/src/Views/Engines/CompilerEngine.php(36): Illuminate\\View\\Engines\\CompilerEngine->get('/home/sergej/co...', Array)
#13 /home/sergej/code/laravel-tuts/laravel-practices/video_site/vendor/laravel/framework/src/Illuminate/View/View.php(143): Facade\\Ignition\\Views\\Engines\\CompilerEngine->get('/home/sergej/co...', Array)
#14 /home/sergej/code/laravel-tuts/laravel-practices/video_site/vendor/laravel/framework/src/Illuminate/View/View.php(126): Illuminate\\View\\View->getContents()
#15 /home/sergej/code/laravel-tuts/laravel-practices/video_site/vendor/laravel/framework/src/Illuminate/View/View.php(91): Illuminate\\View\\View->renderContents()
#16 /home/sergej/code/laravel-tuts/laravel-practices/video_site/resources/views/home.blade.php(24): Illuminate\\View\\View->render()
#17 /home/sergej/code/laravel-tuts/laravel-practices/video_site/vendor/laravel/framework/src/Illuminate/View/Engines/PhpEngine.php(43): include('/home/sergej/co...')
#18 /home/sergej/code/laravel-tuts/laravel-practices/video_site/vendor/laravel/framework/src/Illuminate/View/Engines/CompilerEngine.php(59): Illuminate\\View\\Engines\\PhpEngine->evaluatePath('/home/sergej/co...', Array)
#19 /home/sergej/code/laravel-tuts/laravel-practices/video_site/vendor/facade/ignition/src/Views/Engines/CompilerEngine.php(36): Illuminate\\View\\Engines\\CompilerEngine->get('/home/sergej/co...', Array)
#20 /home/sergej/code/laravel-tuts/laravel-practices/video_site/vendor/laravel/framework/src/Illuminate/View/View.php(143): Facade\\Ignition\\Views\\Engines\\CompilerEngine->get('/home/sergej/co...', Array)
#21 /home/sergej/code/laravel-tuts/laravel-practices/video_site/vendor/laravel/framework/src/Illuminate/View/View.php(126): Illuminate\\View\\View->getContents()
#22 /home/sergej/code/laravel-tuts/laravel-practices/video_site/vendor/laravel/framework/src/Illuminate/View/View.php(91): Illuminate\\View\\View->renderContents()
#23 /home/sergej/code/laravel-tuts/laravel-practices/video_site/vendor/laravel/framework/src/Illuminate/Http/Response.php(42): Illuminate\\View\\View->render()
#24 /home/sergej/code/laravel-tuts/laravel-practices/video_site/vendor/symfony/http-foundation/Response.php(202): Illuminate\\Http\\Response->setContent(Object(Illuminate\\View\\View))
#25 /home/sergej/code/laravel-tuts/laravel-practices/video_site/vendor/laravel/framework/src/Illuminate/Routing/Router.php(748): Symfony\\Component\\HttpFoundation\\Response->__construct(Object(Illuminate\\View\\View))
#26 /home/sergej/code/laravel-tuts/laravel-practices/video_site/vendor/laravel/framework/src/Illuminate/Routing/Router.php(720): Illuminate\\Routing\\Router::toResponse(Object(Illuminate\\Http\\Request), Object(Illuminate\\View\\View))
#27 /home/sergej/code/laravel-tuts/laravel-practices/video_site/vendor/laravel/framework/src/Illuminate/Routing/Router.php(680): Illuminate\\Routing\\Router->prepareResponse(Object(Illuminate\\Http\\Request), Object(Illuminate\\View\\View))
#28 /home/sergej/code/laravel-tuts/laravel-practices/video_site/vendor/laravel/framework/src/Illuminate/Pipeline/Pipeline.php(130): Illuminate\\Routing\\Router->Illuminate\\Routing\\{closure}(Object(Illuminate\\Http\\Request))
#29 /home/sergej/code/laravel-tuts/laravel-practices/video_site/vendor/laravel/framework/src/Illuminate/Routing/Middleware/SubstituteBindings.php(41): Illuminate\\Pipeline\\Pipeline->Illuminate\\Pipeline\\{closure}(Object(Illuminate\\Http\\Request))
#30 /home/sergej/code/laravel-tuts/laravel-practices/video_site/vendor/laravel/framework/src/Illuminate/Pipeline/Pipeline.php(171): Illuminate\\Routing\\Middleware\\SubstituteBindings->handle(Object(Illuminate\\Http\\Request), Object(Closure))
#31 /home/sergej/code/laravel-tuts/laravel-practices/video_site/vendor/laravel/framework/src/Illuminate/Auth/Middleware/Authenticate.php(43): Illuminate\\Pipeline\\Pipeline->Illuminate\\Pipeline\\{closure}(Object(Illuminate\\Http\\Request))
#32 /home/sergej/code/laravel-tuts/laravel-practices/video_site/vendor/laravel/framework/src/Illuminate/Pipeline/Pipeline.php(171): Illuminate\\Auth\\Middleware\\Authenticate->handle(Object(Illuminate\\Http\\Request), Object(Closure))
#33 /home/sergej/code/laravel-tuts/laravel-practices/video_site/vendor/laravel/framework/src/Illuminate/Foundation/Http/Middleware/VerifyCsrfToken.php(76): Illuminate\\Pipeline\\Pipeline->Illuminate\\Pipeline\\{closure}(Object(Illuminate\\Http\\Request))
#34 /home/sergej/code/laravel-tuts/laravel-practices/video_site/vendor/laravel/framework/src/Illuminate/Pipeline/Pipeline.php(171): Illuminate\\Foundation\\Http\\Middleware\\VerifyCsrfToken->handle(Object(Illuminate\\Http\\Request), Object(Closure))
#35 /home/sergej/code/laravel-tuts/laravel-practices/video_site/vendor/laravel/framework/src/Illuminate/View/Middleware/ShareErrorsFromSession.php(49): Illuminate\\Pipeline\\Pipeline->Illuminate\\Pipeline\\{closure}(Object(Illuminate\\Http\\Request))
#36 /home/sergej/code/laravel-tuts/laravel-practices/video_site/vendor/laravel/framework/src/Illuminate/Pipeline/Pipeline.php(171): Illuminate\\View\\Middleware\\ShareErrorsFromSession->handle(Object(Illuminate\\Http\\Request), Object(Closure))
#37 /home/sergej/code/laravel-tuts/laravel-practices/video_site/vendor/laravel/framework/src/Illuminate/Session/Middleware/StartSession.php(56): Illuminate\\Pipeline\\Pipeline->Illuminate\\Pipeline\\{closure}(Object(Illuminate\\Http\\Request))
#38 /home/sergej/code/laravel-tuts/laravel-practices/video_site/vendor/laravel/framework/src/Illuminate/Pipeline/Pipeline.php(171): Illuminate\\Session\\Middleware\\StartSession->handle(Object(Illuminate\\Http\\Request), Object(Closure))
#39 /home/sergej/code/laravel-tuts/laravel-practices/video_site/vendor/laravel/framework/src/Illuminate/Cookie/Middleware/AddQueuedCookiesToResponse.php(37): Illuminate\\Pipeline\\Pipeline->Illuminate\\Pipeline\\{closure}(Object(Illuminate\\Http\\Request))
#40 /home/sergej/code/laravel-tuts/laravel-practices/video_site/vendor/laravel/framework/src/Illuminate/Pipeline/Pipeline.php(171): Illuminate\\Cookie\\Middleware\\AddQueuedCookiesToResponse->handle(Object(Illuminate\\Http\\Request), Object(Closure))
#41 /home/sergej/code/laravel-tuts/laravel-practices/video_site/vendor/laravel/framework/src/Illuminate/Cookie/Middleware/EncryptCookies.php(66): Illuminate\\Pipeline\\Pipeline->Illuminate\\Pipeline\\{closure}(Object(Illuminate\\Http\\Request))
#42 /home/sergej/code/laravel-tuts/laravel-practices/video_site/vendor/laravel/framework/src/Illuminate/Pipeline/Pipeline.php(171): Illuminate\\Cookie\\Middleware\\EncryptCookies->handle(Object(Illuminate\\Http\\Request), Object(Closure))
#43 /home/sergej/code/laravel-tuts/laravel-practices/video_site/vendor/laravel/framework/src/Illuminate/Pipeline/Pipeline.php(105): Illuminate\\Pipeline\\Pipeline->Illuminate\\Pipeline\\{closure}(Object(Illuminate\\Http\\Request))
#44 /home/sergej/code/laravel-tuts/laravel-practices/video_site/vendor/laravel/framework/src/Illuminate/Routing/Router.php(682): Illuminate\\Pipeline\\Pipeline->then(Object(Closure))
#45 /home/sergej/code/laravel-tuts/laravel-practices/video_site/vendor/laravel/framework/src/Illuminate/Routing/Router.php(657): Illuminate\\Routing\\Router->runRouteWithinStack(Object(Illuminate\\Routing\\Route), Object(Illuminate\\Http\\Request))
#46 /home/sergej/code/laravel-tuts/laravel-practices/video_site/vendor/laravel/framework/src/Illuminate/Routing/Router.php(623): Illuminate\\Routing\\Router->runRoute(Object(Illuminate\\Http\\Request), Object(Illuminate\\Routing\\Route))
#47 /home/sergej/code/laravel-tuts/laravel-practices/video_site/vendor/laravel/framework/src/Illuminate/Routing/Router.php(612): Illuminate\\Routing\\Router->dispatchToRoute(Object(Illuminate\\Http\\Request))
#48 /home/sergej/code/laravel-tuts/laravel-practices/video_site/vendor/laravel/framework/src/Illuminate/Foundation/Http/Kernel.php(176): Illuminate\\Routing\\Router->dispatch(Object(Illuminate\\Http\\Request))
#49 /home/sergej/code/laravel-tuts/laravel-practices/video_site/vendor/laravel/framework/src/Illuminate/Pipeline/Pipeline.php(130): Illuminate\\Foundation\\Http\\Kernel->Illuminate\\Foundation\\Http\\{closure}(Object(Illuminate\\Http\\Request))
#50 /home/sergej/code/laravel-tuts/laravel-practices/video_site/vendor/laravel/framework/src/Illuminate/Foundation/Http/Middleware/TransformsRequest.php(21): Illuminate\\Pipeline\\Pipeline->Illuminate\\Pipeline\\{closure}(Object(Illuminate\\Http\\Request))
#51 /home/sergej/code/laravel-tuts/laravel-practices/video_site/vendor/laravel/framework/src/Illuminate/Pipeline/Pipeline.php(171): Illuminate\\Foundation\\Http\\Middleware\\TransformsRequest->handle(Object(Illuminate\\Http\\Request), Object(Closure))
#52 /home/sergej/code/laravel-tuts/laravel-practices/video_site/vendor/laravel/framework/src/Illuminate/Foundation/Http/Middleware/TransformsRequest.php(21): Illuminate\\Pipeline\\Pipeline->Illuminate\\Pipeline\\{closure}(Object(Illuminate\\Http\\Request))
#53 /home/sergej/code/laravel-tuts/laravel-practices/video_site/vendor/laravel/framework/src/Illuminate/Pipeline/Pipeline.php(171): Illuminate\\Foundation\\Http\\Middleware\\TransformsRequest->handle(Object(Illuminate\\Http\\Request), Object(Closure))
#54 /home/sergej/code/laravel-tuts/laravel-practices/video_site/vendor/laravel/framework/src/Illuminate/Foundation/Http/Middleware/ValidatePostSize.php(27): Illuminate\\Pipeline\\Pipeline->Illuminate\\Pipeline\\{closure}(Object(Illuminate\\Http\\Request))
#55 /home/sergej/code/laravel-tuts/laravel-practices/video_site/vendor/laravel/framework/src/Illuminate/Pipeline/Pipeline.php(171): Illuminate\\Foundation\\Http\\Middleware\\ValidatePostSize->handle(Object(Illuminate\\Http\\Request), Object(Closure))
#56 /home/sergej/code/laravel-tuts/laravel-practices/video_site/vendor/laravel/framework/src/Illuminate/Foundation/Http/Middleware/CheckForMaintenanceMode.php(62): Illuminate\\Pipeline\\Pipeline->Illuminate\\Pipeline\\{closure}(Object(Illuminate\\Http\\Request))
#57 /home/sergej/code/laravel-tuts/laravel-practices/video_site/vendor/laravel/framework/src/Illuminate/Pipeline/Pipeline.php(171): Illuminate\\Foundation\\Http\\Middleware\\CheckForMaintenanceMode->handle(Object(Illuminate\\Http\\Request), Object(Closure))
#58 /home/sergej/code/laravel-tuts/laravel-practices/video_site/vendor/fideloper/proxy/src/TrustProxies.php(57): Illuminate\\Pipeline\\Pipeline->Illuminate\\Pipeline\\{closure}(Object(Illuminate\\Http\\Request))
#59 /home/sergej/code/laravel-tuts/laravel-practices/video_site/vendor/laravel/framework/src/Illuminate/Pipeline/Pipeline.php(171): Fideloper\\Proxy\\TrustProxies->handle(Object(Illuminate\\Http\\Request), Object(Closure))
#60 /home/sergej/code/laravel-tuts/laravel-practices/video_site/vendor/laravel/framework/src/Illuminate/Pipeline/Pipeline.php(105): Illuminate\\Pipeline\\Pipeline->Illuminate\\Pipeline\\{closure}(Object(Illuminate\\Http\\Request))
#61 /home/sergej/code/laravel-tuts/laravel-practices/video_site/vendor/laravel/framework/src/Illuminate/Foundation/Http/Kernel.php(151): Illuminate\\Pipeline\\Pipeline->then(Object(Closure))
#62 /home/sergej/code/laravel-tuts/laravel-practices/video_site/vendor/laravel/framework/src/Illuminate/Foundation/Http/Kernel.php(116): Illuminate\\Foundation\\Http\\Kernel->sendRequestThroughRouter(Object(Illuminate\\Http\\Request))
#63 /home/sergej/code/laravel-tuts/laravel-practices/video_site/public/index.php(55): Illuminate\\Foundation\\Http\\Kernel->handle(Object(Illuminate\\Http\\Request))
#64 /home/sergej/code/laravel-tuts/laravel-practices/video_site/server.php(21): require_once('/home/sergej/co...')
#65 {main}

[previous exception] [object] (Illuminate\\Contracts\\Container\\BindingResolutionException(code: 0): Target class [App\\Http\\ViewComposers] does not exist. at /home/sergej/code/laravel-tuts/laravel-practices/video_site/vendor/laravel/framework/src/Illuminate/Container/Container.php:805)
[stacktrace]
#0 /home/sergej/code/laravel-tuts/laravel-practices/video_site/vendor/laravel/framework/src/Illuminate/Container/Container.php(681): Illuminate\\Container\\Container->build('App\\\\Http\\\\ViewCo...')
#1 /home/sergej/code/laravel-tuts/laravel-practices/video_site/vendor/laravel/framework/src/Illuminate/Container/Container.php(629): Illuminate\\Container\\Container->resolve('App\\\\Http\\\\ViewCo...', Array)
#2 /home/sergej/code/laravel-tuts/laravel-practices/video_site/vendor/laravel/framework/src/Illuminate/Foundation/Application.php(768): Illuminate\\Container\\Container->make('App\\\\Http\\\\ViewCo...', Array)
#3 /home/sergej/code/laravel-tuts/laravel-practices/video_site/vendor/laravel/framework/src/Illuminate/View/Concerns/ManagesEvents.php(125): Illuminate\\Foundation\\Application->make('App\\\\Http\\\\ViewCo...')
#4 /home/sergej/code/laravel-tuts/laravel-practices/video_site/vendor/laravel/framework/src/Illuminate/Events/Dispatcher.php(347): Illuminate\\View\\Factory->Illuminate\\View\\Concerns\\{closure}(Object(Illuminate\\View\\View))
#5 /home/sergej/code/laravel-tuts/laravel-practices/video_site/vendor/laravel/framework/src/Illuminate/Events/Dispatcher.php(196): Illuminate\\Events\\Dispatcher->Illuminate\\Events\\{closure}('composing: layo...', Array)
#6 /home/sergej/code/laravel-tuts/laravel-practices/video_site/vendor/laravel/framework/src/Illuminate/View/Concerns/ManagesEvents.php(179): Illuminate\\Events\\Dispatcher->dispatch('composing: layo...', Array)
#7 /home/sergej/code/laravel-tuts/laravel-practices/video_site/vendor/laravel/framework/src/Illuminate/View/View.php(124): Illuminate\\View\\Factory->callComposer(Object(Illuminate\\View\\View))
#8 /home/sergej/code/laravel-tuts/laravel-practices/video_site/vendor/laravel/framework/src/Illuminate/View/View.php(91): Illuminate\\View\\View->renderContents()
#9 /home/sergej/code/laravel-tuts/laravel-practices/video_site/storage/framework/views/502b440a30cbae240e2cb5f4a1daf93ccafa20e4.php(25): Illuminate\\View\\View->render()
#10 /home/sergej/code/laravel-tuts/laravel-practices/video_site/vendor/laravel/framework/src/Illuminate/View/Engines/PhpEngine.php(43): include('/home/sergej/co...')
#11 /home/sergej/code/laravel-tuts/laravel-practices/video_site/vendor/laravel/framework/src/Illuminate/View/Engines/CompilerEngine.php(59): Illuminate\\View\\Engines\\PhpEngine->evaluatePath('/home/sergej/co...', Array)
#12 /home/sergej/code/laravel-tuts/laravel-practices/video_site/vendor/facade/ignition/src/Views/Engines/CompilerEngine.php(36): Illuminate\\View\\Engines\\CompilerEngine->get('/home/sergej/co...', Array)
#13 /home/sergej/code/laravel-tuts/laravel-practices/video_site/vendor/laravel/framework/src/Illuminate/View/View.php(143): Facade\\Ignition\\Views\\Engines\\CompilerEngine->get('/home/sergej/co...', Array)
#14 /home/sergej/code/laravel-tuts/laravel-practices/video_site/vendor/laravel/framework/src/Illuminate/View/View.php(126): Illuminate\\View\\View->getContents()
#15 /home/sergej/code/laravel-tuts/laravel-practices/video_site/vendor/laravel/framework/src/Illuminate/View/View.php(91): Illuminate\\View\\View->renderContents()
#16 /home/sergej/code/laravel-tuts/laravel-practices/video_site/storage/framework/views/d74eb00effd9cabddde2aae78db256a5da23f658.php(24): Illuminate\\View\\View->render()
#17 /home/sergej/code/laravel-tuts/laravel-practices/video_site/vendor/laravel/framework/src/Illuminate/View/Engines/PhpEngine.php(43): include('/home/sergej/co...')
#18 /home/sergej/code/laravel-tuts/laravel-practices/video_site/vendor/laravel/framework/src/Illuminate/View/Engines/CompilerEngine.php(59): Illuminate\\View\\Engines\\PhpEngine->evaluatePath('/home/sergej/co...', Array)
#19 /home/sergej/code/laravel-tuts/laravel-practices/video_site/vendor/facade/ignition/src/Views/Engines/CompilerEngine.php(36): Illuminate\\View\\Engines\\CompilerEngine->get('/home/sergej/co...', Array)
#20 /home/sergej/code/laravel-tuts/laravel-practices/video_site/vendor/laravel/framework/src/Illuminate/View/View.php(143): Facade\\Ignition\\Views\\Engines\\CompilerEngine->get('/home/sergej/co...', Array)
#21 /home/sergej/code/laravel-tuts/laravel-practices/video_site/vendor/laravel/framework/src/Illuminate/View/View.php(126): Illuminate\\View\\View->getContents()
#22 /home/sergej/code/laravel-tuts/laravel-practices/video_site/vendor/laravel/framework/src/Illuminate/View/View.php(91): Illuminate\\View\\View->renderContents()
#23 /home/sergej/code/laravel-tuts/laravel-practices/video_site/vendor/laravel/framework/src/Illuminate/Http/Response.php(42): Illuminate\\View\\View->render()
#24 /home/sergej/code/laravel-tuts/laravel-practices/video_site/vendor/symfony/http-foundation/Response.php(202): Illuminate\\Http\\Response->setContent(Object(Illuminate\\View\\View))
#25 /home/sergej/code/laravel-tuts/laravel-practices/video_site/vendor/laravel/framework/src/Illuminate/Routing/Router.php(748): Symfony\\Component\\HttpFoundation\\Response->__construct(Object(Illuminate\\View\\View))
#26 /home/sergej/code/laravel-tuts/laravel-practices/video_site/vendor/laravel/framework/src/Illuminate/Routing/Router.php(720): Illuminate\\Routing\\Router::toResponse(Object(Illuminate\\Http\\Request), Object(Illuminate\\View\\View))
#27 /home/sergej/code/laravel-tuts/laravel-practices/video_site/vendor/laravel/framework/src/Illuminate/Routing/Router.php(680): Illuminate\\Routing\\Router->prepareResponse(Object(Illuminate\\Http\\Request), Object(Illuminate\\View\\View))
#28 /home/sergej/code/laravel-tuts/laravel-practices/video_site/vendor/laravel/framework/src/Illuminate/Pipeline/Pipeline.php(130): Illuminate\\Routing\\Router->Illuminate\\Routing\\{closure}(Object(Illuminate\\Http\\Request))
#29 /home/sergej/code/laravel-tuts/laravel-practices/video_site/vendor/laravel/framework/src/Illuminate/Routing/Middleware/SubstituteBindings.php(41): Illuminate\\Pipeline\\Pipeline->Illuminate\\Pipeline\\{closure}(Object(Illuminate\\Http\\Request))
#30 /home/sergej/code/laravel-tuts/laravel-practices/video_site/vendor/laravel/framework/src/Illuminate/Pipeline/Pipeline.php(171): Illuminate\\Routing\\Middleware\\SubstituteBindings->handle(Object(Illuminate\\Http\\Request), Object(Closure))
#31 /home/sergej/code/laravel-tuts/laravel-practices/video_site/vendor/laravel/framework/src/Illuminate/Auth/Middleware/Authenticate.php(43): Illuminate\\Pipeline\\Pipeline->Illuminate\\Pipeline\\{closure}(Object(Illuminate\\Http\\Request))
#32 /home/sergej/code/laravel-tuts/laravel-practices/video_site/vendor/laravel/framework/src/Illuminate/Pipeline/Pipeline.php(171): Illuminate\\Auth\\Middleware\\Authenticate->handle(Object(Illuminate\\Http\\Request), Object(Closure))
#33 /home/sergej/code/laravel-tuts/laravel-practices/video_site/vendor/laravel/framework/src/Illuminate/Foundation/Http/Middleware/VerifyCsrfToken.php(76): Illuminate\\Pipeline\\Pipeline->Illuminate\\Pipeline\\{closure}(Object(Illuminate\\Http\\Request))
#34 /home/sergej/code/laravel-tuts/laravel-practices/video_site/vendor/laravel/framework/src/Illuminate/Pipeline/Pipeline.php(171): Illuminate\\Foundation\\Http\\Middleware\\VerifyCsrfToken->handle(Object(Illuminate\\Http\\Request), Object(Closure))
#35 /home/sergej/code/laravel-tuts/laravel-practices/video_site/vendor/laravel/framework/src/Illuminate/View/Middleware/ShareErrorsFromSession.php(49): Illuminate\\Pipeline\\Pipeline->Illuminate\\Pipeline\\{closure}(Object(Illuminate\\Http\\Request))
#36 /home/sergej/code/laravel-tuts/laravel-practices/video_site/vendor/laravel/framework/src/Illuminate/Pipeline/Pipeline.php(171): Illuminate\\View\\Middleware\\ShareErrorsFromSession->handle(Object(Illuminate\\Http\\Request), Object(Closure))
#37 /home/sergej/code/laravel-tuts/laravel-practices/video_site/vendor/laravel/framework/src/Illuminate/Session/Middleware/StartSession.php(56): Illuminate\\Pipeline\\Pipeline->Illuminate\\Pipeline\\{closure}(Object(Illuminate\\Http\\Request))
#38 /home/sergej/code/laravel-tuts/laravel-practices/video_site/vendor/laravel/framework/src/Illuminate/Pipeline/Pipeline.php(171): Illuminate\\Session\\Middleware\\StartSession->handle(Object(Illuminate\\Http\\Request), Object(Closure))
#39 /home/sergej/code/laravel-tuts/laravel-practices/video_site/vendor/laravel/framework/src/Illuminate/Cookie/Middleware/AddQueuedCookiesToResponse.php(37): Illuminate\\Pipeline\\Pipeline->Illuminate\\Pipeline\\{closure}(Object(Illuminate\\Http\\Request))
#40 /home/sergej/code/laravel-tuts/laravel-practices/video_site/vendor/laravel/framework/src/Illuminate/Pipeline/Pipeline.php(171): Illuminate\\Cookie\\Middleware\\AddQueuedCookiesToResponse->handle(Object(Illuminate\\Http\\Request), Object(Closure))
#41 /home/sergej/code/laravel-tuts/laravel-practices/video_site/vendor/laravel/framework/src/Illuminate/Cookie/Middleware/EncryptCookies.php(66): Illuminate\\Pipeline\\Pipeline->Illuminate\\Pipeline\\{closure}(Object(Illuminate\\Http\\Request))
#42 /home/sergej/code/laravel-tuts/laravel-practices/video_site/vendor/laravel/framework/src/Illuminate/Pipeline/Pipeline.php(171): Illuminate\\Cookie\\Middleware\\EncryptCookies->handle(Object(Illuminate\\Http\\Request), Object(Closure))
#43 /home/sergej/code/laravel-tuts/laravel-practices/video_site/vendor/laravel/framework/src/Illuminate/Pipeline/Pipeline.php(105): Illuminate\\Pipeline\\Pipeline->Illuminate\\Pipeline\\{closure}(Object(Illuminate\\Http\\Request))
#44 /home/sergej/code/laravel-tuts/laravel-practices/video_site/vendor/laravel/framework/src/Illuminate/Routing/Router.php(682): Illuminate\\Pipeline\\Pipeline->then(Object(Closure))
#45 /home/sergej/code/laravel-tuts/laravel-practices/video_site/vendor/laravel/framework/src/Illuminate/Routing/Router.php(657): Illuminate\\Routing\\Router->runRouteWithinStack(Object(Illuminate\\Routing\\Route), Object(Illuminate\\Http\\Request))
#46 /home/sergej/code/laravel-tuts/laravel-practices/video_site/vendor/laravel/framework/src/Illuminate/Routing/Router.php(623): Illuminate\\Routing\\Router->runRoute(Object(Illuminate\\Http\\Request), Object(Illuminate\\Routing\\Route))
#47 /home/sergej/code/laravel-tuts/laravel-practices/video_site/vendor/laravel/framework/src/Illuminate/Routing/Router.php(612): Illuminate\\Routing\\Router->dispatchToRoute(Object(Illuminate\\Http\\Request))
#48 /home/sergej/code/laravel-tuts/laravel-practices/video_site/vendor/laravel/framework/src/Illuminate/Foundation/Http/Kernel.php(176): Illuminate\\Routing\\Router->dispatch(Object(Illuminate\\Http\\Request))
#49 /home/sergej/code/laravel-tuts/laravel-practices/video_site/vendor/laravel/framework/src/Illuminate/Pipeline/Pipeline.php(130): Illuminate\\Foundation\\Http\\Kernel->Illuminate\\Foundation\\Http\\{closure}(Object(Illuminate\\Http\\Request))
#50 /home/sergej/code/laravel-tuts/laravel-practices/video_site/vendor/laravel/framework/src/Illuminate/Foundation/Http/Middleware/TransformsRequest.php(21): Illuminate\\Pipeline\\Pipeline->Illuminate\\Pipeline\\{closure}(Object(Illuminate\\Http\\Request))
#51 /home/sergej/code/laravel-tuts/laravel-practices/video_site/vendor/laravel/framework/src/Illuminate/Pipeline/Pipeline.php(171): Illuminate\\Foundation\\Http\\Middleware\\TransformsRequest->handle(Object(Illuminate\\Http\\Request), Object(Closure))
#52 /home/sergej/code/laravel-tuts/laravel-practices/video_site/vendor/laravel/framework/src/Illuminate/Foundation/Http/Middleware/TransformsRequest.php(21): Illuminate\\Pipeline\\Pipeline->Illuminate\\Pipeline\\{closure}(Object(Illuminate\\Http\\Request))
#53 /home/sergej/code/laravel-tuts/laravel-practices/video_site/vendor/laravel/framework/src/Illuminate/Pipeline/Pipeline.php(171): Illuminate\\Foundation\\Http\\Middleware\\TransformsRequest->handle(Object(Illuminate\\Http\\Request), Object(Closure))
#54 /home/sergej/code/laravel-tuts/laravel-practices/video_site/vendor/laravel/framework/src/Illuminate/Foundation/Http/Middleware/ValidatePostSize.php(27): Illuminate\\Pipeline\\Pipeline->Illuminate\\Pipeline\\{closure}(Object(Illuminate\\Http\\Request))
#55 /home/sergej/code/laravel-tuts/laravel-practices/video_site/vendor/laravel/framework/src/Illuminate/Pipeline/Pipeline.php(171): Illuminate\\Foundation\\Http\\Middleware\\ValidatePostSize->handle(Object(Illuminate\\Http\\Request), Object(Closure))
#56 /home/sergej/code/laravel-tuts/laravel-practices/video_site/vendor/laravel/framework/src/Illuminate/Foundation/Http/Middleware/CheckForMaintenanceMode.php(62): Illuminate\\Pipeline\\Pipeline->Illuminate\\Pipeline\\{closure}(Object(Illuminate\\Http\\Request))
#57 /home/sergej/code/laravel-tuts/laravel-practices/video_site/vendor/laravel/framework/src/Illuminate/Pipeline/Pipeline.php(171): Illuminate\\Foundation\\Http\\Middleware\\CheckForMaintenanceMode->handle(Object(Illuminate\\Http\\Request), Object(Closure))
#58 /home/sergej/code/laravel-tuts/laravel-practices/video_site/vendor/fideloper/proxy/src/TrustProxies.php(57): Illuminate\\Pipeline\\Pipeline->Illuminate\\Pipeline\\{closure}(Object(Illuminate\\Http\\Request))
#59 /home/sergej/code/laravel-tuts/laravel-practices/video_site/vendor/laravel/framework/src/Illuminate/Pipeline/Pipeline.php(171): Fideloper\\Proxy\\TrustProxies->handle(Object(Illuminate\\Http\\Request), Object(Closure))
#60 /home/sergej/code/laravel-tuts/laravel-practices/video_site/vendor/laravel/framework/src/Illuminate/Pipeline/Pipeline.php(105): Illuminate\\Pipeline\\Pipeline->Illuminate\\Pipeline\\{closure}(Object(Illuminate\\Http\\Request))
#61 /home/sergej/code/laravel-tuts/laravel-practices/video_site/vendor/laravel/framework/src/Illuminate/Foundation/Http/Kernel.php(151): Illuminate\\Pipeline\\Pipeline->then(Object(Closure))
#62 /home/sergej/code/laravel-tuts/laravel-practices/video_site/vendor/laravel/framework/src/Illuminate/Foundation/Http/Kernel.php(116): Illuminate\\Foundation\\Http\\Kernel->sendRequestThroughRouter(Object(Illuminate\\Http\\Request))
#63 /home/sergej/code/laravel-tuts/laravel-practices/video_site/public/index.php(55): Illuminate\\Foundation\\Http\\Kernel->handle(Object(Illuminate\\Http\\Request))
#64 /home/sergej/code/laravel-tuts/laravel-practices/video_site/server.php(21): require_once('/home/sergej/co...')
#65 {main}

[previous exception] [object] (ReflectionException(code: -1): Class App\\Http\\ViewComposers does not exist at /home/sergej/code/laravel-tuts/laravel-practices/video_site/vendor/laravel/framework/src/Illuminate/Container/Container.php:803)
[stacktrace]
#0 /home/sergej/code/laravel-tuts/laravel-practices/video_site/vendor/laravel/framework/src/Illuminate/Container/Container.php(803): ReflectionClass->__construct('App\\\\Http\\\\ViewCo...')
#1 /home/sergej/code/laravel-tuts/laravel-practices/video_site/vendor/laravel/framework/src/Illuminate/Container/Container.php(681): Illuminate\\Container\\Container->build('App\\\\Http\\\\ViewCo...')
#2 /home/sergej/code/laravel-tuts/laravel-practices/video_site/vendor/laravel/framework/src/Illuminate/Container/Container.php(629): Illuminate\\Container\\Container->resolve('App\\\\Http\\\\ViewCo...', Array)
#3 /home/sergej/code/laravel-tuts/laravel-practices/video_site/vendor/laravel/framework/src/Illuminate/Foundation/Application.php(768): Illuminate\\Container\\Container->make('App\\\\Http\\\\ViewCo...', Array)
#4 /home/sergej/code/laravel-tuts/laravel-practices/video_site/vendor/laravel/framework/src/Illuminate/View/Concerns/ManagesEvents.php(125): Illuminate\\Foundation\\Application->make('App\\\\Http\\\\ViewCo...')
#5 /home/sergej/code/laravel-tuts/laravel-practices/video_site/vendor/laravel/framework/src/Illuminate/Events/Dispatcher.php(347): Illuminate\\View\\Factory->Illuminate\\View\\Concerns\\{closure}(Object(Illuminate\\View\\View))
#6 /home/sergej/code/laravel-tuts/laravel-practices/video_site/vendor/laravel/framework/src/Illuminate/Events/Dispatcher.php(196): Illuminate\\Events\\Dispatcher->Illuminate\\Events\\{closure}('composing: layo...', Array)
#7 /home/sergej/code/laravel-tuts/laravel-practices/video_site/vendor/laravel/framework/src/Illuminate/View/Concerns/ManagesEvents.php(179): Illuminate\\Events\\Dispatcher->dispatch('composing: layo...', Array)
#8 /home/sergej/code/laravel-tuts/laravel-practices/video_site/vendor/laravel/framework/src/Illuminate/View/View.php(124): Illuminate\\View\\Factory->callComposer(Object(Illuminate\\View\\View))
#9 /home/sergej/code/laravel-tuts/laravel-practices/video_site/vendor/laravel/framework/src/Illuminate/View/View.php(91): Illuminate\\View\\View->renderContents()
#10 /home/sergej/code/laravel-tuts/laravel-practices/video_site/storage/framework/views/502b440a30cbae240e2cb5f4a1daf93ccafa20e4.php(25): Illuminate\\View\\View->render()
#11 /home/sergej/code/laravel-tuts/laravel-practices/video_site/vendor/laravel/framework/src/Illuminate/View/Engines/PhpEngine.php(43): include('/home/sergej/co...')
#12 /home/sergej/code/laravel-tuts/laravel-practices/video_site/vendor/laravel/framework/src/Illuminate/View/Engines/CompilerEngine.php(59): Illuminate\\View\\Engines\\PhpEngine->evaluatePath('/home/sergej/co...', Array)
#13 /home/sergej/code/laravel-tuts/laravel-practices/video_site/vendor/facade/ignition/src/Views/Engines/CompilerEngine.php(36): Illuminate\\View\\Engines\\CompilerEngine->get('/home/sergej/co...', Array)
#14 /home/sergej/code/laravel-tuts/laravel-practices/video_site/vendor/laravel/framework/src/Illuminate/View/View.php(143): Facade\\Ignition\\Views\\Engines\\CompilerEngine->get('/home/sergej/co...', Array)
#15 /home/sergej/code/laravel-tuts/laravel-practices/video_site/vendor/laravel/framework/src/Illuminate/View/View.php(126): Illuminate\\View\\View->getContents()
#16 /home/sergej/code/laravel-tuts/laravel-practices/video_site/vendor/laravel/framework/src/Illuminate/View/View.php(91): Illuminate\\View\\View->renderContents()
#17 /home/sergej/code/laravel-tuts/laravel-practices/video_site/storage/framework/views/d74eb00effd9cabddde2aae78db256a5da23f658.php(24): Illuminate\\View\\View->render()
#18 /home/sergej/code/laravel-tuts/laravel-practices/video_site/vendor/laravel/framework/src/Illuminate/View/Engines/PhpEngine.php(43): include('/home/sergej/co...')
#19 /home/sergej/code/laravel-tuts/laravel-practices/video_site/vendor/laravel/framework/src/Illuminate/View/Engines/CompilerEngine.php(59): Illuminate\\View\\Engines\\PhpEngine->evaluatePath('/home/sergej/co...', Array)
#20 /home/sergej/code/laravel-tuts/laravel-practices/video_site/vendor/facade/ignition/src/Views/Engines/CompilerEngine.php(36): Illuminate\\View\\Engines\\CompilerEngine->get('/home/sergej/co...', Array)
#21 /home/sergej/code/laravel-tuts/laravel-practices/video_site/vendor/laravel/framework/src/Illuminate/View/View.php(143): Facade\\Ignition\\Views\\Engines\\CompilerEngine->get('/home/sergej/co...', Array)
#22 /home/sergej/code/laravel-tuts/laravel-practices/video_site/vendor/laravel/framework/src/Illuminate/View/View.php(126): Illuminate\\View\\View->getContents()
#23 /home/sergej/code/laravel-tuts/laravel-practices/video_site/vendor/laravel/framework/src/Illuminate/View/View.php(91): Illuminate\\View\\View->renderContents()
#24 /home/sergej/code/laravel-tuts/laravel-practices/video_site/vendor/laravel/framework/src/Illuminate/Http/Response.php(42): Illuminate\\View\\View->render()
#25 /home/sergej/code/laravel-tuts/laravel-practices/video_site/vendor/symfony/http-foundation/Response.php(202): Illuminate\\Http\\Response->setContent(Object(Illuminate\\View\\View))
#26 /home/sergej/code/laravel-tuts/laravel-practices/video_site/vendor/laravel/framework/src/Illuminate/Routing/Router.php(748): Symfony\\Component\\HttpFoundation\\Response->__construct(Object(Illuminate\\View\\View))
#27 /home/sergej/code/laravel-tuts/laravel-practices/video_site/vendor/laravel/framework/src/Illuminate/Routing/Router.php(720): Illuminate\\Routing\\Router::toResponse(Object(Illuminate\\Http\\Request), Object(Illuminate\\View\\View))
#28 /home/sergej/code/laravel-tuts/laravel-practices/video_site/vendor/laravel/framework/src/Illuminate/Routing/Router.php(680): Illuminate\\Routing\\Router->prepareResponse(Object(Illuminate\\Http\\Request), Object(Illuminate\\View\\View))
#29 /home/sergej/code/laravel-tuts/laravel-practices/video_site/vendor/laravel/framework/src/Illuminate/Pipeline/Pipeline.php(130): Illuminate\\Routing\\Router->Illuminate\\Routing\\{closure}(Object(Illuminate\\Http\\Request))
#30 /home/sergej/code/laravel-tuts/laravel-practices/video_site/vendor/laravel/framework/src/Illuminate/Routing/Middleware/SubstituteBindings.php(41): Illuminate\\Pipeline\\Pipeline->Illuminate\\Pipeline\\{closure}(Object(Illuminate\\Http\\Request))
#31 /home/sergej/code/laravel-tuts/laravel-practices/video_site/vendor/laravel/framework/src/Illuminate/Pipeline/Pipeline.php(171): Illuminate\\Routing\\Middleware\\SubstituteBindings->handle(Object(Illuminate\\Http\\Request), Object(Closure))
#32 /home/sergej/code/laravel-tuts/laravel-practices/video_site/vendor/laravel/framework/src/Illuminate/Auth/Middleware/Authenticate.php(43): Illuminate\\Pipeline\\Pipeline->Illuminate\\Pipeline\\{closure}(Object(Illuminate\\Http\\Request))
#33 /home/sergej/code/laravel-tuts/laravel-practices/video_site/vendor/laravel/framework/src/Illuminate/Pipeline/Pipeline.php(171): Illuminate\\Auth\\Middleware\\Authenticate->handle(Object(Illuminate\\Http\\Request), Object(Closure))
#34 /home/sergej/code/laravel-tuts/laravel-practices/video_site/vendor/laravel/framework/src/Illuminate/Foundation/Http/Middleware/VerifyCsrfToken.php(76): Illuminate\\Pipeline\\Pipeline->Illuminate\\Pipeline\\{closure}(Object(Illuminate\\Http\\Request))
#35 /home/sergej/code/laravel-tuts/laravel-practices/video_site/vendor/laravel/framework/src/Illuminate/Pipeline/Pipeline.php(171): Illuminate\\Foundation\\Http\\Middleware\\VerifyCsrfToken->handle(Object(Illuminate\\Http\\Request), Object(Closure))
#36 /home/sergej/code/laravel-tuts/laravel-practices/video_site/vendor/laravel/framework/src/Illuminate/View/Middleware/ShareErrorsFromSession.php(49): Illuminate\\Pipeline\\Pipeline->Illuminate\\Pipeline\\{closure}(Object(Illuminate\\Http\\Request))
#37 /home/sergej/code/laravel-tuts/laravel-practices/video_site/vendor/laravel/framework/src/Illuminate/Pipeline/Pipeline.php(171): Illuminate\\View\\Middleware\\ShareErrorsFromSession->handle(Object(Illuminate\\Http\\Request), Object(Closure))
#38 /home/sergej/code/laravel-tuts/laravel-practices/video_site/vendor/laravel/framework/src/Illuminate/Session/Middleware/StartSession.php(56): Illuminate\\Pipeline\\Pipeline->Illuminate\\Pipeline\\{closure}(Object(Illuminate\\Http\\Request))
#39 /home/sergej/code/laravel-tuts/laravel-practices/video_site/vendor/laravel/framework/src/Illuminate/Pipeline/Pipeline.php(171): Illuminate\\Session\\Middleware\\StartSession->handle(Object(Illuminate\\Http\\Request), Object(Closure))
#40 /home/sergej/code/laravel-tuts/laravel-practices/video_site/vendor/laravel/framework/src/Illuminate/Cookie/Middleware/AddQueuedCookiesToResponse.php(37): Illuminate\\Pipeline\\Pipeline->Illuminate\\Pipeline\\{closure}(Object(Illuminate\\Http\\Request))
#41 /home/sergej/code/laravel-tuts/laravel-practices/video_site/vendor/laravel/framework/src/Illuminate/Pipeline/Pipeline.php(171): Illuminate\\Cookie\\Middleware\\AddQueuedCookiesToResponse->handle(Object(Illuminate\\Http\\Request), Object(Closure))
#42 /home/sergej/code/laravel-tuts/laravel-practices/video_site/vendor/laravel/framework/src/Illuminate/Cookie/Middleware/EncryptCookies.php(66): Illuminate\\Pipeline\\Pipeline->Illuminate\\Pipeline\\{closure}(Object(Illuminate\\Http\\Request))
#43 /home/sergej/code/laravel-tuts/laravel-practices/video_site/vendor/laravel/framework/src/Illuminate/Pipeline/Pipeline.php(171): Illuminate\\Cookie\\Middleware\\EncryptCookies->handle(Object(Illuminate\\Http\\Request), Object(Closure))
#44 /home/sergej/code/laravel-tuts/laravel-practices/video_site/vendor/laravel/framework/src/Illuminate/Pipeline/Pipeline.php(105): Illuminate\\Pipeline\\Pipeline->Illuminate\\Pipeline\\{closure}(Object(Illuminate\\Http\\Request))
#45 /home/sergej/code/laravel-tuts/laravel-practices/video_site/vendor/laravel/framework/src/Illuminate/Routing/Router.php(682): Illuminate\\Pipeline\\Pipeline->then(Object(Closure))
#46 /home/sergej/code/laravel-tuts/laravel-practices/video_site/vendor/laravel/framework/src/Illuminate/Routing/Router.php(657): Illuminate\\Routing\\Router->runRouteWithinStack(Object(Illuminate\\Routing\\Route), Object(Illuminate\\Http\\Request))
#47 /home/sergej/code/laravel-tuts/laravel-practices/video_site/vendor/laravel/framework/src/Illuminate/Routing/Router.php(623): Illuminate\\Routing\\Router->runRoute(Object(Illuminate\\Http\\Request), Object(Illuminate\\Routing\\Route))
#48 /home/sergej/code/laravel-tuts/laravel-practices/video_site/vendor/laravel/framework/src/Illuminate/Routing/Router.php(612): Illuminate\\Routing\\Router->dispatchToRoute(Object(Illuminate\\Http\\Request))
#49 /home/sergej/code/laravel-tuts/laravel-practices/video_site/vendor/laravel/framework/src/Illuminate/Foundation/Http/Kernel.php(176): Illuminate\\Routing\\Router->dispatch(Object(Illuminate\\Http\\Request))
#50 /home/sergej/code/laravel-tuts/laravel-practices/video_site/vendor/laravel/framework/src/Illuminate/Pipeline/Pipeline.php(130): Illuminate\\Foundation\\Http\\Kernel->Illuminate\\Foundation\\Http\\{closure}(Object(Illuminate\\Http\\Request))
#51 /home/sergej/code/laravel-tuts/laravel-practices/video_site/vendor/laravel/framework/src/Illuminate/Foundation/Http/Middleware/TransformsRequest.php(21): Illuminate\\Pipeline\\Pipeline->Illuminate\\Pipeline\\{closure}(Object(Illuminate\\Http\\Request))
#52 /home/sergej/code/laravel-tuts/laravel-practices/video_site/vendor/laravel/framework/src/Illuminate/Pipeline/Pipeline.php(171): Illuminate\\Foundation\\Http\\Middleware\\TransformsRequest->handle(Object(Illuminate\\Http\\Request), Object(Closure))
#53 /home/sergej/code/laravel-tuts/laravel-practices/video_site/vendor/laravel/framework/src/Illuminate/Foundation/Http/Middleware/TransformsRequest.php(21): Illuminate\\Pipeline\\Pipeline->Illuminate\\Pipeline\\{closure}(Object(Illuminate\\Http\\Request))
#54 /home/sergej/code/laravel-tuts/laravel-practices/video_site/vendor/laravel/framework/src/Illuminate/Pipeline/Pipeline.php(171): Illuminate\\Foundation\\Http\\Middleware\\TransformsRequest->handle(Object(Illuminate\\Http\\Request), Object(Closure))
#55 /home/sergej/code/laravel-tuts/laravel-practices/video_site/vendor/laravel/framework/src/Illuminate/Foundation/Http/Middleware/ValidatePostSize.php(27): Illuminate\\Pipeline\\Pipeline->Illuminate\\Pipeline\\{closure}(Object(Illuminate\\Http\\Request))
#56 /home/sergej/code/laravel-tuts/laravel-practices/video_site/vendor/laravel/framework/src/Illuminate/Pipeline/Pipeline.php(171): Illuminate\\Foundation\\Http\\Middleware\\ValidatePostSize->handle(Object(Illuminate\\Http\\Request), Object(Closure))
#57 /home/sergej/code/laravel-tuts/laravel-practices/video_site/vendor/laravel/framework/src/Illuminate/Foundation/Http/Middleware/CheckForMaintenanceMode.php(62): Illuminate\\Pipeline\\Pipeline->Illuminate\\Pipeline\\{closure}(Object(Illuminate\\Http\\Request))
#58 /home/sergej/code/laravel-tuts/laravel-practices/video_site/vendor/laravel/framework/src/Illuminate/Pipeline/Pipeline.php(171): Illuminate\\Foundation\\Http\\Middleware\\CheckForMaintenanceMode->handle(Object(Illuminate\\Http\\Request), Object(Closure))
#59 /home/sergej/code/laravel-tuts/laravel-practices/video_site/vendor/fideloper/proxy/src/TrustProxies.php(57): Illuminate\\Pipeline\\Pipeline->Illuminate\\Pipeline\\{closure}(Object(Illuminate\\Http\\Request))
#60 /home/sergej/code/laravel-tuts/laravel-practices/video_site/vendor/laravel/framework/src/Illuminate/Pipeline/Pipeline.php(171): Fideloper\\Proxy\\TrustProxies->handle(Object(Illuminate\\Http\\Request), Object(Closure))
#61 /home/sergej/code/laravel-tuts/laravel-practices/video_site/vendor/laravel/framework/src/Illuminate/Pipeline/Pipeline.php(105): Illuminate\\Pipeline\\Pipeline->Illuminate\\Pipeline\\{closure}(Object(Illuminate\\Http\\Request))
#62 /home/sergej/code/laravel-tuts/laravel-practices/video_site/vendor/laravel/framework/src/Illuminate/Foundation/Http/Kernel.php(151): Illuminate\\Pipeline\\Pipeline->then(Object(Closure))
#63 /home/sergej/code/laravel-tuts/laravel-practices/video_site/vendor/laravel/framework/src/Illuminate/Foundation/Http/Kernel.php(116): Illuminate\\Foundation\\Http\\Kernel->sendRequestThroughRouter(Object(Illuminate\\Http\\Request))
#64 /home/sergej/code/laravel-tuts/laravel-practices/video_site/public/index.php(55): Illuminate\\Foundation\\Http\\Kernel->handle(Object(Illuminate\\Http\\Request))
#65 /home/sergej/code/laravel-tuts/laravel-practices/video_site/server.php(21): require_once('/home/sergej/co...')
#66 {main}
"} 
